{
  "RSpec": {
    "coverage": {
      "/Users/tuannguyen/Desktop/projects/tech_test/bank_test/lib/bank_account.rb": [
        1,
        1,
        null,
        1,
        1,
        null,
        1,
        4,
        4,
        null,
        null,
        1,
        4,
        4,
        null,
        null,
        1,
        3,
        null,
        2,
        2,
        null,
        null,
        1,
        1,
        3,
        null,
        null,
        null
      ],
      "/Users/tuannguyen/Desktop/projects/tech_test/bank_test/lib/bank_statement.rb": [
        1,
        null,
        1,
        1,
        null,
        1,
        6,
        6,
        null,
        null,
        1,
        5,
        5,
        null,
        null,
        1,
        3,
        3,
        null,
        null,
        null
      ],
      "/Users/tuannguyen/Desktop/projects/tech_test/bank_test/lib/transaction.rb": [
        1,
        1,
        null,
        1,
        8,
        null,
        null,
        1,
        6,
        null,
        null,
        1,
        4,
        null,
        null
      ]
    },
    "timestamp": 1580229484
  }
}
