{
  "RSpec": {
    "coverage": {
      "/Users/tuannguyen/Desktop/projects/tech_test/bank_test/lib/bank_account.rb": [
        1,
        1,
        1,
        null,
        1,
        1,
        null,
        1,
        7,
        7,
        7,
        null,
        null,
        1,
        5,
        5,
        5,
        null,
        null,
        1,
        4,
        null,
        3,
        3,
        3,
        null,
        null,
        1,
        2,
        2,
        2,
        null,
        null,
        1,
        null,
        1,
        2,
        null,
        null
      ],
      "/Users/tuannguyen/Desktop/projects/tech_test/bank_test/lib/bank_statement.rb": [
        1,
        null,
        1,
        1,
        null,
        1,
        10,
        10,
        null,
        null,
        1,
        7,
        7,
        null,
        null,
        null,
        1,
        4,
        4,
        null,
        null,
        null
      ],
      "/Users/tuannguyen/Desktop/projects/tech_test/bank_test/lib/transaction.rb": [
        1,
        1,
        null,
        1,
        12,
        12,
        12,
        12,
        null,
        null
      ],
      "/Users/tuannguyen/Desktop/projects/tech_test/bank_test/lib/statement.rb": [
        1,
        null,
        1,
        null,
        1,
        3,
        null,
        null,
        1,
        3,
        3,
        null,
        null,
        null,
        null
      ]
    },
    "timestamp": 1580321140
  }
}
